2015-10-21 18:43:38,628 - Parser Exception: mystring
org.apache.velocity.runtime.parser.ParseException: Encountered "i" at line 112, column 92.
Was expecting one of:
    "[" ...
    "{" ...
    "(" ...
    <WHITESPACE> ...
    <STRING_LITERAL> ...
    "true" ...
    "false" ...
    <INTEGER_LITERAL> ...
    <FLOATING_POINT_LITERAL> ...
    <IDENTIFIER> ...
    "{" ...
    <WHITESPACE> ...
    
	at org.apache.velocity.runtime.parser.Parser.generateParseException(Parser.java:3679)
	at org.apache.velocity.runtime.parser.Parser.jj_consume_token(Parser.java:3558)
	at org.apache.velocity.runtime.parser.Parser.UnaryExpression(Parser.java:2590)
	at org.apache.velocity.runtime.parser.Parser.MultiplicativeExpression(Parser.java:2435)
	at org.apache.velocity.runtime.parser.Parser.AdditiveExpression(Parser.java:2359)
	at org.apache.velocity.runtime.parser.Parser.RelationalExpression(Parser.java:2227)
	at org.apache.velocity.runtime.parser.Parser.EqualityExpression(Parser.java:2197)
	at org.apache.velocity.runtime.parser.Parser.ConditionalAndExpression(Parser.java:2111)
	at org.apache.velocity.runtime.parser.Parser.ConditionalOrExpression(Parser.java:2071)
	at org.apache.velocity.runtime.parser.Parser.Expression(Parser.java:2018)
	at org.apache.velocity.runtime.parser.Parser.IfStatement(Parser.java:1655)
	at org.apache.velocity.runtime.parser.Parser.Statement(Parser.java:352)
	at org.apache.velocity.runtime.parser.Parser.Directive(Parser.java:918)
	at org.apache.velocity.runtime.parser.Parser.Statement(Parser.java:379)
	at org.apache.velocity.runtime.parser.Parser.process(Parser.java:317)
	at org.apache.velocity.runtime.parser.Parser.parse(Parser.java:117)
	at org.apache.velocity.runtime.RuntimeInstance.parse(RuntimeInstance.java:1226)
	at org.apache.velocity.runtime.RuntimeInstance.parse(RuntimeInstance.java:1181)
	at org.apache.velocity.runtime.RuntimeInstance.evaluate(RuntimeInstance.java:1297)
	at org.apache.velocity.app.Velocity.evaluate(Velocity.java:254)
	at org.durcframework.autocode.util.VelocityUtil.generate(VelocityUtil.java:22)
	at org.durcframework.autocode.service.GeneratorService.doGenerator(GeneratorService.java:146)
	at org.durcframework.autocode.service.GeneratorService.generate(GeneratorService.java:58)
	at org.durcframework.autocode.controller.GeneratorController.generatFile(GeneratorController.java:34)
	at sun.reflect.NativeMethodAccessorImpl.invoke0(Native Method)
	at sun.reflect.NativeMethodAccessorImpl.invoke(NativeMethodAccessorImpl.java:57)
	at sun.reflect.DelegatingMethodAccessorImpl.invoke(DelegatingMethodAccessorImpl.java:43)
	at java.lang.reflect.Method.invoke(Method.java:606)
	at org.springframework.web.method.support.InvocableHandlerMethod.invoke(InvocableHandlerMethod.java:219)
	at org.springframework.web.method.support.InvocableHandlerMethod.invokeForRequest(InvocableHandlerMethod.java:132)
	at org.springframework.web.servlet.mvc.method.annotation.ServletInvocableHandlerMethod.invokeAndHandle(ServletInvocableHandlerMethod.java:104)
	at org.springframework.web.servlet.mvc.method.annotation.RequestMappingHandlerAdapter.invokeHandleMethod(RequestMappingHandlerAdapter.java:745)
	at org.springframework.web.servlet.mvc.method.annotation.RequestMappingHandlerAdapter.handleInternal(RequestMappingHandlerAdapter.java:686)
	at org.springframework.web.servlet.mvc.method.AbstractHandlerMethodAdapter.handle(AbstractHandlerMethodAdapter.java:80)
	at org.springframework.web.servlet.DispatcherServlet.doDispatch(DispatcherServlet.java:925)
	at org.springframework.web.servlet.DispatcherServlet.doService(DispatcherServlet.java:856)
	at org.springframework.web.servlet.FrameworkServlet.processRequest(FrameworkServlet.java:936)
	at org.springframework.web.servlet.FrameworkServlet.doPost(FrameworkServlet.java:838)
	at javax.servlet.http.HttpServlet.service(HttpServlet.java:755)
	at org.springframework.web.servlet.FrameworkServlet.service(FrameworkServlet.java:812)
	at javax.servlet.http.HttpServlet.service(HttpServlet.java:848)
	at org.eclipse.jetty.servlet.ServletHolder.handle(ServletHolder.java:684)
	at org.eclipse.jetty.servlet.ServletHandler$CachedChain.doFilter(ServletHandler.java:1496)
	at org.durcframework.core.UserFilter.doFilter(UserFilter.java:34)
	at org.eclipse.jetty.servlet.ServletHandler$CachedChain.doFilter(ServletHandler.java:1484)
	at org.springframework.web.filter.CharacterEncodingFilter.doFilterInternal(CharacterEncodingFilter.java:88)
	at org.springframework.web.filter.OncePerRequestFilter.doFilter(OncePerRequestFilter.java:107)
	at org.eclipse.jetty.servlet.ServletHandler$CachedChain.doFilter(ServletHandler.java:1476)
	at org.eclipse.jetty.servlet.ServletHandler.doHandle(ServletHandler.java:501)
	at org.eclipse.jetty.server.handler.ScopedHandler.handle(ScopedHandler.java:137)
	at org.eclipse.jetty.security.SecurityHandler.handle(SecurityHandler.java:557)
	at org.eclipse.jetty.server.session.SessionHandler.doHandle(SessionHandler.java:231)
	at org.eclipse.jetty.server.handler.ContextHandler.doHandle(ContextHandler.java:1086)
	at org.eclipse.jetty.servlet.ServletHandler.doScope(ServletHandler.java:429)
	at org.eclipse.jetty.server.session.SessionHandler.doScope(SessionHandler.java:193)
	at org.eclipse.jetty.server.handler.ContextHandler.doScope(ContextHandler.java:1020)
	at org.eclipse.jetty.server.handler.ScopedHandler.handle(ScopedHandler.java:135)
	at org.eclipse.jetty.server.handler.ContextHandlerCollection.handle(ContextHandlerCollection.java:255)
	at org.eclipse.jetty.server.handler.HandlerCollection.handle(HandlerCollection.java:154)
	at org.eclipse.jetty.server.handler.HandlerWrapper.handle(HandlerWrapper.java:116)
	at org.eclipse.jetty.server.Server.handle(Server.java:370)
	at org.eclipse.jetty.server.AbstractHttpConnection.handleRequest(AbstractHttpConnection.java:494)
	at org.eclipse.jetty.server.AbstractHttpConnection.content(AbstractHttpConnection.java:982)
	at org.eclipse.jetty.server.AbstractHttpConnection$RequestHandler.content(AbstractHttpConnection.java:1043)
	at org.eclipse.jetty.http.HttpParser.parseNext(HttpParser.java:865)
	at org.eclipse.jetty.http.HttpParser.parseAvailable(HttpParser.java:240)
	at org.eclipse.jetty.server.AsyncHttpConnection.handle(AsyncHttpConnection.java:82)
	at org.eclipse.jetty.io.nio.SelectChannelEndPoint.handle(SelectChannelEndPoint.java:696)
	at org.eclipse.jetty.io.nio.SelectChannelEndPoint$1.run(SelectChannelEndPoint.java:53)
	at org.eclipse.jetty.util.thread.QueuedThreadPool.runJob(QueuedThreadPool.java:608)
	at org.eclipse.jetty.util.thread.QueuedThreadPool$3.run(QueuedThreadPool.java:543)
	at java.lang.Thread.run(Thread.java:745)
2015-10-21 18:52:26,517 - Parser Exception: mystring
org.apache.velocity.runtime.parser.ParseException: Encountered "#end \r\n" at line 111, column 17.
Was expecting one of:
    <EOF> 
    "(" ...
    <RPAREN> ...
    <ESCAPE_DIRECTIVE> ...
    <SET_DIRECTIVE> ...
    "##" ...
    "\\\\" ...
    "\\" ...
    <TEXT> ...
    "*#" ...
    "*#" ...
    "]]#" ...
    <STRING_LITERAL> ...
    <IF_DIRECTIVE> ...
    <INTEGER_LITERAL> ...
    <FLOATING_POINT_LITERAL> ...
    <WORD> ...
    <BRACKETED_WORD> ...
    <IDENTIFIER> ...
    <DOT> ...
    "{" ...
    "}" ...
    <EMPTY_INDEX> ...
    
	at org.apache.velocity.runtime.parser.Parser.generateParseException(Parser.java:3679)
	at org.apache.velocity.runtime.parser.Parser.jj_consume_token(Parser.java:3558)
	at org.apache.velocity.runtime.parser.Parser.process(Parser.java:319)
	at org.apache.velocity.runtime.parser.Parser.parse(Parser.java:117)
	at org.apache.velocity.runtime.RuntimeInstance.parse(RuntimeInstance.java:1226)
	at org.apache.velocity.runtime.RuntimeInstance.parse(RuntimeInstance.java:1181)
	at org.apache.velocity.runtime.RuntimeInstance.evaluate(RuntimeInstance.java:1297)
	at org.apache.velocity.app.Velocity.evaluate(Velocity.java:254)
	at org.durcframework.autocode.util.VelocityUtil.generate(VelocityUtil.java:22)
	at org.durcframework.autocode.service.GeneratorService.doGenerator(GeneratorService.java:146)
	at org.durcframework.autocode.service.GeneratorService.generate(GeneratorService.java:58)
	at org.durcframework.autocode.controller.GeneratorController.generatFile(GeneratorController.java:34)
	at sun.reflect.NativeMethodAccessorImpl.invoke0(Native Method)
	at sun.reflect.NativeMethodAccessorImpl.invoke(NativeMethodAccessorImpl.java:57)
	at sun.reflect.DelegatingMethodAccessorImpl.invoke(DelegatingMethodAccessorImpl.java:43)
	at java.lang.reflect.Method.invoke(Method.java:606)
	at org.springframework.web.method.support.InvocableHandlerMethod.invoke(InvocableHandlerMethod.java:219)
	at org.springframework.web.method.support.InvocableHandlerMethod.invokeForRequest(InvocableHandlerMethod.java:132)
	at org.springframework.web.servlet.mvc.method.annotation.ServletInvocableHandlerMethod.invokeAndHandle(ServletInvocableHandlerMethod.java:104)
	at org.springframework.web.servlet.mvc.method.annotation.RequestMappingHandlerAdapter.invokeHandleMethod(RequestMappingHandlerAdapter.java:745)
	at org.springframework.web.servlet.mvc.method.annotation.RequestMappingHandlerAdapter.handleInternal(RequestMappingHandlerAdapter.java:686)
	at org.springframework.web.servlet.mvc.method.AbstractHandlerMethodAdapter.handle(AbstractHandlerMethodAdapter.java:80)
	at org.springframework.web.servlet.DispatcherServlet.doDispatch(DispatcherServlet.java:925)
	at org.springframework.web.servlet.DispatcherServlet.doService(DispatcherServlet.java:856)
	at org.springframework.web.servlet.FrameworkServlet.processRequest(FrameworkServlet.java:936)
	at org.springframework.web.servlet.FrameworkServlet.doPost(FrameworkServlet.java:838)
	at javax.servlet.http.HttpServlet.service(HttpServlet.java:755)
	at org.springframework.web.servlet.FrameworkServlet.service(FrameworkServlet.java:812)
	at javax.servlet.http.HttpServlet.service(HttpServlet.java:848)
	at org.eclipse.jetty.servlet.ServletHolder.handle(ServletHolder.java:684)
	at org.eclipse.jetty.servlet.ServletHandler$CachedChain.doFilter(ServletHandler.java:1496)
	at org.durcframework.core.UserFilter.doFilter(UserFilter.java:34)
	at org.eclipse.jetty.servlet.ServletHandler$CachedChain.doFilter(ServletHandler.java:1484)
	at org.springframework.web.filter.CharacterEncodingFilter.doFilterInternal(CharacterEncodingFilter.java:88)
	at org.springframework.web.filter.OncePerRequestFilter.doFilter(OncePerRequestFilter.java:107)
	at org.eclipse.jetty.servlet.ServletHandler$CachedChain.doFilter(ServletHandler.java:1476)
	at org.eclipse.jetty.servlet.ServletHandler.doHandle(ServletHandler.java:501)
	at org.eclipse.jetty.server.handler.ScopedHandler.handle(ScopedHandler.java:137)
	at org.eclipse.jetty.security.SecurityHandler.handle(SecurityHandler.java:557)
	at org.eclipse.jetty.server.session.SessionHandler.doHandle(SessionHandler.java:231)
	at org.eclipse.jetty.server.handler.ContextHandler.doHandle(ContextHandler.java:1086)
	at org.eclipse.jetty.servlet.ServletHandler.doScope(ServletHandler.java:429)
	at org.eclipse.jetty.server.session.SessionHandler.doScope(SessionHandler.java:193)
	at org.eclipse.jetty.server.handler.ContextHandler.doScope(ContextHandler.java:1020)
	at org.eclipse.jetty.server.handler.ScopedHandler.handle(ScopedHandler.java:135)
	at org.eclipse.jetty.server.handler.ContextHandlerCollection.handle(ContextHandlerCollection.java:255)
	at org.eclipse.jetty.server.handler.HandlerCollection.handle(HandlerCollection.java:154)
	at org.eclipse.jetty.server.handler.HandlerWrapper.handle(HandlerWrapper.java:116)
	at org.eclipse.jetty.server.Server.handle(Server.java:370)
	at org.eclipse.jetty.server.AbstractHttpConnection.handleRequest(AbstractHttpConnection.java:494)
	at org.eclipse.jetty.server.AbstractHttpConnection.content(AbstractHttpConnection.java:982)
	at org.eclipse.jetty.server.AbstractHttpConnection$RequestHandler.content(AbstractHttpConnection.java:1043)
	at org.eclipse.jetty.http.HttpParser.parseNext(HttpParser.java:865)
	at org.eclipse.jetty.http.HttpParser.parseAvailable(HttpParser.java:240)
	at org.eclipse.jetty.server.AsyncHttpConnection.handle(AsyncHttpConnection.java:82)
	at org.eclipse.jetty.io.nio.SelectChannelEndPoint.handle(SelectChannelEndPoint.java:696)
	at org.eclipse.jetty.io.nio.SelectChannelEndPoint$1.run(SelectChannelEndPoint.java:53)
	at org.eclipse.jetty.util.thread.QueuedThreadPool.runJob(QueuedThreadPool.java:608)
	at org.eclipse.jetty.util.thread.QueuedThreadPool$3.run(QueuedThreadPool.java:543)
	at java.lang.Thread.run(Thread.java:745)
